2026-04-08 13:25:27 | INFO     | healthai_etl | ╔══════════════════════════════════════════╗
2026-04-08 13:25:27 | INFO     | healthai_etl | ║   HealthAI Coach — Pipeline ETL démarré  ║
2026-04-08 13:25:27 | INFO     | healthai_etl | ║   2026-04-08 13:25:27                      ║
2026-04-08 13:25:27 | INFO     | healthai_etl | ╚══════════════════════════════════════════╝
2026-04-08 13:25:27 | INFO     | healthai_etl | Connexion PostgreSQL établie avec succès.
2026-04-08 13:25:27 | INFO     | healthai_etl | ==================================================
2026-04-08 13:25:27 | INFO     | healthai_etl | ETL 1 : Aliments — début
2026-04-08 13:25:27 | WARNING  | healthai_etl | Fichier introuvable : /app/data/daily_food_nutrition.csv
2026-04-08 13:25:27 | WARNING  | healthai_etl | Fichier absent — génération de données simulées pour démo.
2026-04-08 13:25:27 | INFO     | healthai_etl | [aliments_brut] 10 lignes | 0 doublons | 0 valeurs nulles
2026-04-08 13:25:27 | INFO     | healthai_etl | Doublons supprimés : 0
2026-04-08 13:25:28 | INFO     | healthai_etl | [aliment] 10 lignes insérées (mode=append).
2026-04-08 13:25:28 | INFO     | healthai_etl | ETL 1 terminé — 10 aliments insérés.
2026-04-08 13:25:28 | INFO     | healthai_etl | ==================================================
2026-04-08 13:25:28 | INFO     | healthai_etl | ETL 2 : Utilisateurs & Métriques — début
2026-04-08 13:25:28 | WARNING  | healthai_etl | Fichier introuvable : /app/data/gym_members_exercise.csv
2026-04-08 13:25:28 | WARNING  | healthai_etl | Fichier absent — génération de données simulées.
2026-04-08 13:25:28 | INFO     | healthai_etl | [gym_members_brut] 50 lignes | 0 doublons | 0 valeurs nulles
2026-04-08 13:25:28 | INFO     | healthai_etl | [utilisateur] 50 lignes insérées (mode=append).
2026-04-08 13:25:28 | ERROR    | healthai_etl | ERREUR dans ETL 2 - Utilisateurs : sqlalchemy.cyextension.immutabledict.immutabledict is not a sequence
Traceback (most recent call last):
  File "/app/etl_pipeline.py", line 669, in run_pipeline
    rapport = fn(engine)
              ^^^^^^^^^^
  File "/app/etl_pipeline.py", line 375, in etl_utilisateurs_metriques
    df_ids = pd.read_sql(
             ^^^^^^^^^^^^
  File "/usr/local/lib/python3.12/site-packages/pandas/io/sql.py", line 730, in read_sql
    return pandas_sql.read_query(
           ^^^^^^^^^^^^^^^^^^^^^^
  File "/usr/local/lib/python3.12/site-packages/pandas/io/sql.py", line 1856, in read_query
    result = self.execute(sql, params)
             ^^^^^^^^^^^^^^^^^^^^^^^^^
  File "/usr/local/lib/python3.12/site-packages/pandas/io/sql.py", line 1679, in execute
    return execute_function(sql, *args)
           ^^^^^^^^^^^^^^^^^^^^^^^^^^^^
  File "/usr/local/lib/python3.12/site-packages/sqlalchemy/engine/base.py", line 1779, in exec_driver_sql
    ret = self._execute_context(
          ^^^^^^^^^^^^^^^^^^^^^^
  File "/usr/local/lib/python3.12/site-packages/sqlalchemy/engine/base.py", line 1846, in _execute_context
    return self._exec_single_context(
           ^^^^^^^^^^^^^^^^^^^^^^^^^^
  File "/usr/local/lib/python3.12/site-packages/sqlalchemy/engine/base.py", line 1986, in _exec_single_context
    self._handle_dbapi_exception(
  File "/usr/local/lib/python3.12/site-packages/sqlalchemy/engine/base.py", line 2366, in _handle_dbapi_exception
    raise exc_info[1].with_traceback(exc_info[2])
  File "/usr/local/lib/python3.12/site-packages/sqlalchemy/engine/base.py", line 1967, in _exec_single_context
    self.dialect.do_execute(
  File "/usr/local/lib/python3.12/site-packages/sqlalchemy/engine/default.py", line 952, in do_execute
    cursor.execute(statement, parameters)
TypeError: sqlalchemy.cyextension.immutabledict.immutabledict is not a sequence
2026-04-08 13:25:28 | INFO     | healthai_etl | ==================================================
2026-04-08 13:25:28 | INFO     | healthai_etl | ETL 3 : Exercices — début
2026-04-08 13:25:28 | WARNING  | healthai_etl | Fichier introuvable : /app/data/exercises.json
2026-04-08 13:25:28 | WARNING  | healthai_etl | Fichier exercises.json absent — génération de données simulées.
2026-04-08 13:25:28 | INFO     | healthai_etl | [exercices_brut] 10 lignes | 0 doublons | 0 valeurs nulles
2026-04-08 13:25:28 | INFO     | healthai_etl | [exercice] 10 lignes insérées (mode=append).
2026-04-08 13:25:28 | INFO     | healthai_etl | [exercice_muscle] 10 lignes insérées (mode=append).
2026-04-08 13:25:28 | INFO     | healthai_etl | ETL 3 terminé — 10 exercices insérés.
2026-04-08 13:25:28 | INFO     | healthai_etl | ==================================================
2026-04-08 13:25:28 | INFO     | healthai_etl | ETL 4 : Association utilisateurs ↔ objectifs — début
2026-04-08 13:25:28 | WARNING  | healthai_etl | Fichier introuvable : /app/data/diet_recommendations.csv
2026-04-08 13:25:28 | WARNING  | healthai_etl | Fichier absent — simulation des associations objectifs.
2026-04-08 13:25:28 | INFO     | healthai_etl | [diet_recommendations_brut] 100 lignes | 94 doublons | 0 valeurs nulles
2026-04-08 13:25:28 | ERROR    | healthai_etl | ERREUR dans ETL 4 - Objectifs users : sqlalchemy.cyextension.immutabledict.immutabledict is not a sequence
Traceback (most recent call last):
  File "/app/etl_pipeline.py", line 669, in run_pipeline
    rapport = fn(engine)
              ^^^^^^^^^^
  File "/app/etl_pipeline.py", line 601, in etl_objectifs_utilisateurs
    df_users = pd.read_sql(
               ^^^^^^^^^^^^
  File "/usr/local/lib/python3.12/site-packages/pandas/io/sql.py", line 730, in read_sql
    return pandas_sql.read_query(
           ^^^^^^^^^^^^^^^^^^^^^^
  File "/usr/local/lib/python3.12/site-packages/pandas/io/sql.py", line 1856, in read_query
    result = self.execute(sql, params)
             ^^^^^^^^^^^^^^^^^^^^^^^^^
  File "/usr/local/lib/python3.12/site-packages/pandas/io/sql.py", line 1679, in execute
    return execute_function(sql, *args)
           ^^^^^^^^^^^^^^^^^^^^^^^^^^^^
  File "/usr/local/lib/python3.12/site-packages/sqlalchemy/engine/base.py", line 1779, in exec_driver_sql
    ret = self._execute_context(
          ^^^^^^^^^^^^^^^^^^^^^^
  File "/usr/local/lib/python3.12/site-packages/sqlalchemy/engine/base.py", line 1846, in _execute_context
    return self._exec_single_context(
           ^^^^^^^^^^^^^^^^^^^^^^^^^^
  File "/usr/local/lib/python3.12/site-packages/sqlalchemy/engine/base.py", line 1986, in _exec_single_context
    self._handle_dbapi_exception(
  File "/usr/local/lib/python3.12/site-packages/sqlalchemy/engine/base.py", line 2366, in _handle_dbapi_exception
    raise exc_info[1].with_traceback(exc_info[2])
  File "/usr/local/lib/python3.12/site-packages/sqlalchemy/engine/base.py", line 1967, in _exec_single_context
    self.dialect.do_execute(
  File "/usr/local/lib/python3.12/site-packages/sqlalchemy/engine/default.py", line 952, in do_execute
    cursor.execute(statement, parameters)
TypeError: sqlalchemy.cyextension.immutabledict.immutabledict is not a sequence
2026-04-08 13:25:29 | INFO     | healthai_etl | Rapport de qualité sauvegardé : logs/rapport_qualite_20260408_132528.json
2026-04-08 13:25:29 | INFO     | healthai_etl | ╔══════════════════════════════════════════╗
2026-04-08 13:25:29 | INFO     | healthai_etl | ║   Pipeline terminé en 1.7s               ║
2026-04-08 13:25:29 | INFO     | healthai_etl | ║   2 ETL réussis | 2 erreurs               ║
2026-04-08 13:25:29 | INFO     | healthai_etl | ╚══════════════════════════════════════════╝
