2026-04-09 12:19:22 | INFO     | Pipeline ETL HealthAI Coach v3.0 — demarrage
2026-04-09 12:19:22 | INFO     | Connexion PostgreSQL OK.
2026-04-09 12:19:22 | INFO     | ==================================================
2026-04-09 12:19:22 | INFO     | ETL 1 — Aliments (nutrition_cleaned.csv)
2026-04-09 12:19:22 | INFO     | Lu : nutrition_cleaned.csv (597 lignes)
2026-04-09 12:19:23 | INFO     | [aliment] 593 lignes inserees.
2026-04-09 12:19:23 | INFO     | ETL 1 - Aliments → succes
2026-04-09 12:19:23 | INFO     | ==================================================
2026-04-09 12:19:23 | INFO     | ETL 2 — Utilisateurs + Metriques (gym_cleaned.csv)
2026-04-09 12:19:23 | INFO     | Lu : gym_cleaned.csv (966 lignes)
2026-04-09 12:19:23 | WARNING  | Rien a inserer dans utilisateur.
2026-04-09 12:19:23 | ERROR    | ERREUR ETL 2 - Utilisateurs : sqlalchemy.cyextension.immutabledict.immutabledict is not a sequence
Traceback (most recent call last):
  File "C:\Users\mabso\Desktop\healthai-coach\etl_pipeline.py", line 369, in run_pipeline
    r = fn(engine)
  File "C:\Users\mabso\Desktop\healthai-coach\etl_pipeline.py", line 159, in etl_utilisateurs_metriques
    df_ids = pd.read_sql(
        "SELECT id, email FROM utilisateur WHERE email LIKE 'user_%@healthai.demo' ORDER BY id", conn
    )
  File "C:\Users\mabso\AppData\Local\Programs\Python\Python314\Lib\site-packages\pandas\io\sql.py", line 730, in read_sql
    return pandas_sql.read_query(
           ~~~~~~~~~~~~~~~~~~~~~^
        sql,
        ^^^^
    ...<6 lines>...
        dtype=dtype,
        ^^^^^^^^^^^^
    )
    ^
  File "C:\Users\mabso\AppData\Local\Programs\Python\Python314\Lib\site-packages\pandas\io\sql.py", line 1856, in read_query
    result = self.execute(sql, params)
  File "C:\Users\mabso\AppData\Local\Programs\Python\Python314\Lib\site-packages\pandas\io\sql.py", line 1679, in execute
    return execute_function(sql, *args)
  File "C:\Users\mabso\AppData\Local\Programs\Python\Python314\Lib\site-packages\sqlalchemy\engine\base.py", line 1779, in exec_driver_sql
    ret = self._execute_context(
        dialect,
    ...<5 lines>...
        distilled_parameters,
    )
  File "C:\Users\mabso\AppData\Local\Programs\Python\Python314\Lib\site-packages\sqlalchemy\engine\base.py", line 1846, in _execute_context
    return self._exec_single_context(
           ~~~~~~~~~~~~~~~~~~~~~~~~~^
        dialect, context, statement, parameters
        ^^^^^^^^^^^^^^^^^^^^^^^^^^^^^^^^^^^^^^^
    )
    ^
  File "C:\Users\mabso\AppData\Local\Programs\Python\Python314\Lib\site-packages\sqlalchemy\engine\base.py", line 1986, in _exec_single_context
    self._handle_dbapi_exception(
    ~~~~~~~~~~~~~~~~~~~~~~~~~~~~^
        e, str_statement, effective_parameters, cursor, context
        ^^^^^^^^^^^^^^^^^^^^^^^^^^^^^^^^^^^^^^^^^^^^^^^^^^^^^^^
    )
    ^
  File "C:\Users\mabso\AppData\Local\Programs\Python\Python314\Lib\site-packages\sqlalchemy\engine\base.py", line 2366, in _handle_dbapi_exception
    raise exc_info[1].with_traceback(exc_info[2])
  File "C:\Users\mabso\AppData\Local\Programs\Python\Python314\Lib\site-packages\sqlalchemy\engine\base.py", line 1967, in _exec_single_context
    self.dialect.do_execute(
    ~~~~~~~~~~~~~~~~~~~~~~~^
        cursor, str_statement, effective_parameters, context
        ^^^^^^^^^^^^^^^^^^^^^^^^^^^^^^^^^^^^^^^^^^^^^^^^^^^^
    )
    ^
  File "C:\Users\mabso\AppData\Local\Programs\Python\Python314\Lib\site-packages\sqlalchemy\engine\default.py", line 952, in do_execute
    cursor.execute(statement, parameters)
    ~~~~~~~~~~~~~~^^^^^^^^^^^^^^^^^^^^^^^
TypeError: sqlalchemy.cyextension.immutabledict.immutabledict is not a sequence
2026-04-09 12:19:23 | INFO     | ==================================================
2026-04-09 12:19:23 | INFO     | ETL 3 — Exercices (ExerciseDB API GitHub)
2026-04-09 12:19:23 | INFO     | Appel API : https://exercisedb.dev/api/exercises?limit=100
2026-04-09 12:19:23 | ERROR    | Erreur API : 404 Client Error: Not Found for url: https://exercisedb.dev/api/exercises?limit=100&offset=0
2026-04-09 12:19:23 | INFO     | ETL 3 - Exercices API → erreur
2026-04-09 12:19:23 | INFO     | ==================================================
2026-04-09 12:19:23 | INFO     | ETL 4 — Fitness Tracker (fitness_cleaned.csv)
2026-04-09 12:19:23 | INFO     | Lu : fitness_cleaned.csv (500 lignes)
2026-04-09 12:19:23 | ERROR    | ERREUR ETL 4 - Fitness Tracker : sqlalchemy.cyextension.immutabledict.immutabledict is not a sequence
Traceback (most recent call last):
  File "C:\Users\mabso\Desktop\healthai-coach\etl_pipeline.py", line 369, in run_pipeline
    r = fn(engine)
  File "C:\Users\mabso\Desktop\healthai-coach\etl_pipeline.py", line 327, in etl_fitness_tracker
    df_ids = pd.read_sql(
        "SELECT id FROM utilisateur WHERE email LIKE 'user_%@healthai.demo' ORDER BY id", conn
    )
  File "C:\Users\mabso\AppData\Local\Programs\Python\Python314\Lib\site-packages\pandas\io\sql.py", line 730, in read_sql
    return pandas_sql.read_query(
           ~~~~~~~~~~~~~~~~~~~~~^
        sql,
        ^^^^
    ...<6 lines>...
        dtype=dtype,
        ^^^^^^^^^^^^
    )
    ^
  File "C:\Users\mabso\AppData\Local\Programs\Python\Python314\Lib\site-packages\pandas\io\sql.py", line 1856, in read_query
    result = self.execute(sql, params)
  File "C:\Users\mabso\AppData\Local\Programs\Python\Python314\Lib\site-packages\pandas\io\sql.py", line 1679, in execute
    return execute_function(sql, *args)
  File "C:\Users\mabso\AppData\Local\Programs\Python\Python314\Lib\site-packages\sqlalchemy\engine\base.py", line 1779, in exec_driver_sql
    ret = self._execute_context(
        dialect,
    ...<5 lines>...
        distilled_parameters,
    )
  File "C:\Users\mabso\AppData\Local\Programs\Python\Python314\Lib\site-packages\sqlalchemy\engine\base.py", line 1846, in _execute_context
    return self._exec_single_context(
           ~~~~~~~~~~~~~~~~~~~~~~~~~^
        dialect, context, statement, parameters
        ^^^^^^^^^^^^^^^^^^^^^^^^^^^^^^^^^^^^^^^
    )
    ^
  File "C:\Users\mabso\AppData\Local\Programs\Python\Python314\Lib\site-packages\sqlalchemy\engine\base.py", line 1986, in _exec_single_context
    self._handle_dbapi_exception(
    ~~~~~~~~~~~~~~~~~~~~~~~~~~~~^
        e, str_statement, effective_parameters, cursor, context
        ^^^^^^^^^^^^^^^^^^^^^^^^^^^^^^^^^^^^^^^^^^^^^^^^^^^^^^^
    )
    ^
  File "C:\Users\mabso\AppData\Local\Programs\Python\Python314\Lib\site-packages\sqlalchemy\engine\base.py", line 2366, in _handle_dbapi_exception
    raise exc_info[1].with_traceback(exc_info[2])
  File "C:\Users\mabso\AppData\Local\Programs\Python\Python314\Lib\site-packages\sqlalchemy\engine\base.py", line 1967, in _exec_single_context
    self.dialect.do_execute(
    ~~~~~~~~~~~~~~~~~~~~~~~^
        cursor, str_statement, effective_parameters, context
        ^^^^^^^^^^^^^^^^^^^^^^^^^^^^^^^^^^^^^^^^^^^^^^^^^^^^
    )
    ^
  File "C:\Users\mabso\AppData\Local\Programs\Python\Python314\Lib\site-packages\sqlalchemy\engine\default.py", line 952, in do_execute
    cursor.execute(statement, parameters)
    ~~~~~~~~~~~~~~^^^^^^^^^^^^^^^^^^^^^^^
TypeError: sqlalchemy.cyextension.immutabledict.immutabledict is not a sequence
2026-04-09 12:19:23 | INFO     | Rapport qualite : logs\rapport_qualite_20260409_121923.json
2026-04-09 12:19:23 | INFO     | Pipeline termine en 1.0s — 1/4 ETL OK
