2026-04-09 16:50:01 | INFO     | Pipeline ETL HealthAI Coach v4.0 — demarrage
2026-04-09 16:50:02 | INFO     | Connexion PostgreSQL OK.
2026-04-09 16:50:02 | INFO     | ==================================================
2026-04-09 16:50:02 | INFO     | ETL 1 — Aliments (nutrition_cleaned.csv)
2026-04-09 16:50:02 | INFO     | Lu : nutrition_cleaned.csv (597 lignes)
2026-04-09 16:50:02 | INFO     | [aliment] 593 lignes inserees.
2026-04-09 16:50:02 | INFO     | ETL 1 - Aliments -> succes
2026-04-09 16:50:02 | INFO     | ==================================================
2026-04-09 16:50:02 | INFO     | ETL 2 — Utilisateurs + Metriques (gym_cleaned.csv)
2026-04-09 16:50:02 | INFO     | Lu : gym_cleaned.csv (966 lignes)
2026-04-09 16:50:02 | WARNING  | Rien a inserer dans utilisateur.
2026-04-09 16:50:07 | INFO     | [metrique_quotidienne] 30480 lignes inserees.
2026-04-09 16:50:07 | INFO     | ETL 2 - Utilisateurs -> succes
2026-04-09 16:50:07 | INFO     | ==================================================
2026-04-09 16:50:07 | INFO     | ETL 3 — Exercices (exercises.json)
2026-04-09 16:50:07 | ERROR    | Fichier introuvable : data\exercises.json
2026-04-09 16:50:07 | INFO     | ETL 3 - Exercices -> erreur
2026-04-09 16:50:07 | INFO     | ==================================================
2026-04-09 16:50:07 | INFO     | ETL 4 — Fitness Tracker (fitness_cleaned.csv)
2026-04-09 16:50:07 | INFO     | Lu : fitness_cleaned.csv (500 lignes)
2026-04-09 16:50:07 | INFO     | [metrique_quotidienne] 500 lignes inserees.
2026-04-09 16:50:07 | INFO     | ETL 4 - Fitness Tracker -> succes
2026-04-09 16:50:07 | INFO     | Rapport qualite : logs\rapport_qualite_20260409_165007.json
2026-04-09 16:50:07 | INFO     | Pipeline termine en 5.5s — 3/4 ETL OK
