2026-04-08 13:25:45 | INFO     | healthai_etl | ╔══════════════════════════════════════════╗
2026-04-08 13:25:45 | INFO     | healthai_etl | ║   HealthAI Coach — Pipeline ETL démarré  ║
2026-04-08 13:25:45 | INFO     | healthai_etl | ║   2026-04-08 13:25:45                      ║
2026-04-08 13:25:45 | INFO     | healthai_etl | ╚══════════════════════════════════════════╝
2026-04-08 13:25:45 | INFO     | healthai_etl | Connexion PostgreSQL établie avec succès.
2026-04-08 13:25:45 | INFO     | healthai_etl | ==================================================
2026-04-08 13:25:45 | INFO     | healthai_etl | ETL 1 : Aliments — début
2026-04-08 13:25:45 | WARNING  | healthai_etl | Fichier introuvable : /app/data/daily_food_nutrition.csv
2026-04-08 13:25:45 | WARNING  | healthai_etl | Fichier absent — génération de données simulées pour démo.
2026-04-08 13:25:45 | INFO     | healthai_etl | [aliments_brut] 10 lignes | 0 doublons | 0 valeurs nulles
2026-04-08 13:25:45 | INFO     | healthai_etl | Doublons supprimés : 0
2026-04-08 13:25:45 | INFO     | healthai_etl | [aliment] 10 lignes insérées (mode=append).
2026-04-08 13:25:45 | INFO     | healthai_etl | ETL 1 terminé — 10 aliments insérés.
2026-04-08 13:25:45 | INFO     | healthai_etl | ==================================================
2026-04-08 13:25:45 | INFO     | healthai_etl | ETL 2 : Utilisateurs & Métriques — début
2026-04-08 13:25:45 | WARNING  | healthai_etl | Fichier introuvable : /app/data/gym_members_exercise.csv
2026-04-08 13:25:45 | WARNING  | healthai_etl | Fichier absent — génération de données simulées.
2026-04-08 13:25:45 | INFO     | healthai_etl | [gym_members_brut] 50 lignes | 0 doublons | 0 valeurs nulles
2026-04-08 13:25:45 | WARNING  | healthai_etl | DataFrame vide — aucune insertion dans utilisateur.
2026-04-08 13:25:45 | ERROR    | healthai_etl | ERREUR dans ETL 2 - Utilisateurs : sqlalchemy.cyextension.immutabledict.immutabledict is not a sequence
Traceback (most recent call last):
  File "/app/etl_pipeline.py", line 669, in run_pipeline
    rapport = fn(engine)
              ^^^^^^^^^^
  File "/app/etl_pipeline.py", line 375, in etl_utilisateurs_metriques
    df_ids = pd.read_sql(
             ^^^^^^^^^^^^
  File "/usr/local/lib/python3.12/site-packages/pandas/io/sql.py", line 730, in read_sql
    return pandas_sql.read_query(
           ^^^^^^^^^^^^^^^^^^^^^^
  File "/usr/local/lib/python3.12/site-packages/pandas/io/sql.py", line 1856, in read_query
    result = self.execute(sql, params)
             ^^^^^^^^^^^^^^^^^^^^^^^^^
  File "/usr/local/lib/python3.12/site-packages/pandas/io/sql.py", line 1679, in execute
    return execute_function(sql, *args)
           ^^^^^^^^^^^^^^^^^^^^^^^^^^^^
  File "/usr/local/lib/python3.12/site-packages/sqlalchemy/engine/base.py", line 1779, in exec_driver_sql
    ret = self._execute_context(
          ^^^^^^^^^^^^^^^^^^^^^^
  File "/usr/local/lib/python3.12/site-packages/sqlalchemy/engine/base.py", line 1846, in _execute_context
    return self._exec_single_context(
           ^^^^^^^^^^^^^^^^^^^^^^^^^^
  File "/usr/local/lib/python3.12/site-packages/sqlalchemy/engine/base.py", line 1986, in _exec_single_context
    self._handle_dbapi_exception(
  File "/usr/local/lib/python3.12/site-packages/sqlalchemy/engine/base.py", line 2366, in _handle_dbapi_exception
    raise exc_info[1].with_traceback(exc_info[2])
  File "/usr/local/lib/python3.12/site-packages/sqlalchemy/engine/base.py", line 1967, in _exec_single_context
    self.dialect.do_execute(
  File "/usr/local/lib/python3.12/site-packages/sqlalchemy/engine/default.py", line 952, in do_execute
    cursor.execute(statement, parameters)
TypeError: sqlalchemy.cyextension.immutabledict.immutabledict is not a sequence
2026-04-08 13:25:45 | INFO     | healthai_etl | ==================================================
2026-04-08 13:25:45 | INFO     | healthai_etl | ETL 3 : Exercices — début
2026-04-08 13:25:45 | WARNING  | healthai_etl | Fichier introuvable : /app/data/exercises.json
2026-04-08 13:25:45 | WARNING  | healthai_etl | Fichier exercises.json absent — génération de données simulées.
2026-04-08 13:25:45 | INFO     | healthai_etl | [exercices_brut] 10 lignes | 0 doublons | 0 valeurs nulles
2026-04-08 13:25:45 | INFO     | healthai_etl | [exercice] 10 lignes insérées (mode=append).
2026-04-08 13:25:45 | ERROR    | healthai_etl | ERREUR dans ETL 3 - Exercices : Execution failed on sql 'INSERT INTO exercice_muscle (exercice_id, muscle_id, role) VALUES (:exercice_id_m0, :muscle_id_m0, :role_m0), (:exercice_id_m1, :muscle_id_m1, :role_m1), (:exercice_id_m2, :muscle_id_m2, :role_m2), (:exercice_id_m3, :muscle_id_m3, :role_m3), (:exercice_id_m4, :muscle_id_m4, :role_m4), (:exercice_id_m5, :muscle_id_m5, :role_m5), (:exercice_id_m6, :muscle_id_m6, :role_m6), (:exercice_id_m7, :muscle_id_m7, :role_m7), (:exercice_id_m8, :muscle_id_m8, :role_m8), (:exercice_id_m9, :muscle_id_m9, :role_m9)': (psycopg2.errors.UniqueViolation) duplicate key value violates unique constraint "exercice_muscle_pkey"
DETAIL:  Key (exercice_id, muscle_id)=(1, 1) already exists.

[SQL: INSERT INTO exercice_muscle (exercice_id, muscle_id, role) VALUES (%(exercice_id_m0)s, %(muscle_id_m0)s, %(role_m0)s), (%(exercice_id_m1)s, %(muscle_id_m1)s, %(role_m1)s), (%(exercice_id_m2)s, %(muscle_id_m2)s, %(role_m2)s), (%(exercice_id_m3)s, %(muscle_id_m3)s, %(role_m3)s), (%(exercice_id_m4)s, %(muscle_id_m4)s, %(role_m4)s), (%(exercice_id_m5)s, %(muscle_id_m5)s, %(role_m5)s), (%(exercice_id_m6)s, %(muscle_id_m6)s, %(role_m6)s), (%(exercice_id_m7)s, %(muscle_id_m7)s, %(role_m7)s), (%(exercice_id_m8)s, %(muscle_id_m8)s, %(role_m8)s), (%(exercice_id_m9)s, %(muscle_id_m9)s, %(role_m9)s)]
[parameters: {'exercice_id_m0': 1, 'muscle_id_m0': 1, 'role_m0': 'principal', 'exercice_id_m1': 2, 'muscle_id_m1': 6, 'role_m1': 'principal', 'exercice_id_m2': 3, 'muscle_id_m2': 2, 'role_m2': 'principal', 'exercice_id_m3': 4, 'muscle_id_m3': 2, 'role_m3': 'principal', 'exercice_id_m4': 5, 'muscle_id_m4': 10, 'role_m4': 'principal', 'exercice_id_m5': 6, 'muscle_id_m5': 6, 'role_m5': 'principal', 'exercice_id_m6': 7, 'muscle_id_m6': 9, 'role_m6': 'principal', 'exercice_id_m7': 8, 'muscle_id_m7': 4, 'role_m7': 'principal', 'exercice_id_m8': 9, 'muscle_id_m8': 5, 'role_m8': 'principal', 'exercice_id_m9': 10, 'muscle_id_m9': 8, 'role_m9': 'principal'}]
(Background on this error at: https://sqlalche.me/e/20/gkpj)
Traceback (most recent call last):
  File "/usr/local/lib/python3.12/site-packages/sqlalchemy/engine/base.py", line 1967, in _exec_single_context
    self.dialect.do_execute(
  File "/usr/local/lib/python3.12/site-packages/sqlalchemy/engine/default.py", line 952, in do_execute
    cursor.execute(statement, parameters)
psycopg2.errors.UniqueViolation: duplicate key value violates unique constraint "exercice_muscle_pkey"
DETAIL:  Key (exercice_id, muscle_id)=(1, 1) already exists.


The above exception was the direct cause of the following exception:

Traceback (most recent call last):
  File "/usr/local/lib/python3.12/site-packages/pandas/io/sql.py", line 1679, in execute
    return execute_function(sql, *args)
           ^^^^^^^^^^^^^^^^^^^^^^^^^^^^
  File "/usr/local/lib/python3.12/site-packages/sqlalchemy/engine/base.py", line 1419, in execute
    return meth(
           ^^^^^
  File "/usr/local/lib/python3.12/site-packages/sqlalchemy/sql/elements.py", line 527, in _execute_on_connection
    return connection._execute_clauseelement(
           ^^^^^^^^^^^^^^^^^^^^^^^^^^^^^^^^^^
  File "/usr/local/lib/python3.12/site-packages/sqlalchemy/engine/base.py", line 1641, in _execute_clauseelement
    ret = self._execute_context(
          ^^^^^^^^^^^^^^^^^^^^^^
  File "/usr/local/lib/python3.12/site-packages/sqlalchemy/engine/base.py", line 1846, in _execute_context
    return self._exec_single_context(
           ^^^^^^^^^^^^^^^^^^^^^^^^^^
  File "/usr/local/lib/python3.12/site-packages/sqlalchemy/engine/base.py", line 1986, in _exec_single_context
    self._handle_dbapi_exception(
  File "/usr/local/lib/python3.12/site-packages/sqlalchemy/engine/base.py", line 2363, in _handle_dbapi_exception
    raise sqlalchemy_exception.with_traceback(exc_info[2]) from e
  File "/usr/local/lib/python3.12/site-packages/sqlalchemy/engine/base.py", line 1967, in _exec_single_context
    self.dialect.do_execute(
  File "/usr/local/lib/python3.12/site-packages/sqlalchemy/engine/default.py", line 952, in do_execute
    cursor.execute(statement, parameters)
sqlalchemy.exc.IntegrityError: (psycopg2.errors.UniqueViolation) duplicate key value violates unique constraint "exercice_muscle_pkey"
DETAIL:  Key (exercice_id, muscle_id)=(1, 1) already exists.

[SQL: INSERT INTO exercice_muscle (exercice_id, muscle_id, role) VALUES (%(exercice_id_m0)s, %(muscle_id_m0)s, %(role_m0)s), (%(exercice_id_m1)s, %(muscle_id_m1)s, %(role_m1)s), (%(exercice_id_m2)s, %(muscle_id_m2)s, %(role_m2)s), (%(exercice_id_m3)s, %(muscle_id_m3)s, %(role_m3)s), (%(exercice_id_m4)s, %(muscle_id_m4)s, %(role_m4)s), (%(exercice_id_m5)s, %(muscle_id_m5)s, %(role_m5)s), (%(exercice_id_m6)s, %(muscle_id_m6)s, %(role_m6)s), (%(exercice_id_m7)s, %(muscle_id_m7)s, %(role_m7)s), (%(exercice_id_m8)s, %(muscle_id_m8)s, %(role_m8)s), (%(exercice_id_m9)s, %(muscle_id_m9)s, %(role_m9)s)]
[parameters: {'exercice_id_m0': 1, 'muscle_id_m0': 1, 'role_m0': 'principal', 'exercice_id_m1': 2, 'muscle_id_m1': 6, 'role_m1': 'principal', 'exercice_id_m2': 3, 'muscle_id_m2': 2, 'role_m2': 'principal', 'exercice_id_m3': 4, 'muscle_id_m3': 2, 'role_m3': 'principal', 'exercice_id_m4': 5, 'muscle_id_m4': 10, 'role_m4': 'principal', 'exercice_id_m5': 6, 'muscle_id_m5': 6, 'role_m5': 'principal', 'exercice_id_m6': 7, 'muscle_id_m6': 9, 'role_m6': 'principal', 'exercice_id_m7': 8, 'muscle_id_m7': 4, 'role_m7': 'principal', 'exercice_id_m8': 9, 'muscle_id_m8': 5, 'role_m8': 'principal', 'exercice_id_m9': 10, 'muscle_id_m9': 8, 'role_m9': 'principal'}]
(Background on this error at: https://sqlalche.me/e/20/gkpj)

The above exception was the direct cause of the following exception:

Traceback (most recent call last):
  File "/app/etl_pipeline.py", line 669, in run_pipeline
    rapport = fn(engine)
              ^^^^^^^^^^
  File "/app/etl_pipeline.py", line 539, in etl_exercices
    inserer_en_base(df_assoc, "exercice_muscle", engine)
  File "/app/etl_pipeline.py", line 169, in inserer_en_base
    df.to_sql(table, engine, if_exists=mode, index=False, method="multi", chunksize=500)
  File "/usr/local/lib/python3.12/site-packages/pandas/core/generic.py", line 3052, in to_sql
    return sql.to_sql(
           ^^^^^^^^^^^
  File "/usr/local/lib/python3.12/site-packages/pandas/io/sql.py", line 841, in to_sql
    return pandas_sql.to_sql(
           ^^^^^^^^^^^^^^^^^^
  File "/usr/local/lib/python3.12/site-packages/pandas/io/sql.py", line 2037, in to_sql
    total_inserted = sql_engine.insert_records(
                     ^^^^^^^^^^^^^^^^^^^^^^^^^^
  File "/usr/local/lib/python3.12/site-packages/pandas/io/sql.py", line 1571, in insert_records
    return table.insert(chunksize=chunksize, method=method)
           ^^^^^^^^^^^^^^^^^^^^^^^^^^^^^^^^^^^^^^^^^^^^^^^^
  File "/usr/local/lib/python3.12/site-packages/pandas/io/sql.py", line 1122, in insert
    num_inserted = exec_insert(conn, keys, chunk_iter)
                   ^^^^^^^^^^^^^^^^^^^^^^^^^^^^^^^^^^^
  File "/usr/local/lib/python3.12/site-packages/pandas/io/sql.py", line 1031, in _execute_insert_multi
    result = self.pd_sql.execute(stmt)
             ^^^^^^^^^^^^^^^^^^^^^^^^^
  File "/usr/local/lib/python3.12/site-packages/pandas/io/sql.py", line 1681, in execute
    raise DatabaseError(f"Execution failed on sql '{sql}': {exc}") from exc
pandas.errors.DatabaseError: Execution failed on sql 'INSERT INTO exercice_muscle (exercice_id, muscle_id, role) VALUES (:exercice_id_m0, :muscle_id_m0, :role_m0), (:exercice_id_m1, :muscle_id_m1, :role_m1), (:exercice_id_m2, :muscle_id_m2, :role_m2), (:exercice_id_m3, :muscle_id_m3, :role_m3), (:exercice_id_m4, :muscle_id_m4, :role_m4), (:exercice_id_m5, :muscle_id_m5, :role_m5), (:exercice_id_m6, :muscle_id_m6, :role_m6), (:exercice_id_m7, :muscle_id_m7, :role_m7), (:exercice_id_m8, :muscle_id_m8, :role_m8), (:exercice_id_m9, :muscle_id_m9, :role_m9)': (psycopg2.errors.UniqueViolation) duplicate key value violates unique constraint "exercice_muscle_pkey"
DETAIL:  Key (exercice_id, muscle_id)=(1, 1) already exists.

[SQL: INSERT INTO exercice_muscle (exercice_id, muscle_id, role) VALUES (%(exercice_id_m0)s, %(muscle_id_m0)s, %(role_m0)s), (%(exercice_id_m1)s, %(muscle_id_m1)s, %(role_m1)s), (%(exercice_id_m2)s, %(muscle_id_m2)s, %(role_m2)s), (%(exercice_id_m3)s, %(muscle_id_m3)s, %(role_m3)s), (%(exercice_id_m4)s, %(muscle_id_m4)s, %(role_m4)s), (%(exercice_id_m5)s, %(muscle_id_m5)s, %(role_m5)s), (%(exercice_id_m6)s, %(muscle_id_m6)s, %(role_m6)s), (%(exercice_id_m7)s, %(muscle_id_m7)s, %(role_m7)s), (%(exercice_id_m8)s, %(muscle_id_m8)s, %(role_m8)s), (%(exercice_id_m9)s, %(muscle_id_m9)s, %(role_m9)s)]
[parameters: {'exercice_id_m0': 1, 'muscle_id_m0': 1, 'role_m0': 'principal', 'exercice_id_m1': 2, 'muscle_id_m1': 6, 'role_m1': 'principal', 'exercice_id_m2': 3, 'muscle_id_m2': 2, 'role_m2': 'principal', 'exercice_id_m3': 4, 'muscle_id_m3': 2, 'role_m3': 'principal', 'exercice_id_m4': 5, 'muscle_id_m4': 10, 'role_m4': 'principal', 'exercice_id_m5': 6, 'muscle_id_m5': 6, 'role_m5': 'principal', 'exercice_id_m6': 7, 'muscle_id_m6': 9, 'role_m6': 'principal', 'exercice_id_m7': 8, 'muscle_id_m7': 4, 'role_m7': 'principal', 'exercice_id_m8': 9, 'muscle_id_m8': 5, 'role_m8': 'principal', 'exercice_id_m9': 10, 'muscle_id_m9': 8, 'role_m9': 'principal'}]
(Background on this error at: https://sqlalche.me/e/20/gkpj)
2026-04-08 13:25:45 | INFO     | healthai_etl | ==================================================
2026-04-08 13:25:45 | INFO     | healthai_etl | ETL 4 : Association utilisateurs ↔ objectifs — début
2026-04-08 13:25:45 | WARNING  | healthai_etl | Fichier introuvable : /app/data/diet_recommendations.csv
2026-04-08 13:25:45 | WARNING  | healthai_etl | Fichier absent — simulation des associations objectifs.
2026-04-08 13:25:45 | INFO     | healthai_etl | [diet_recommendations_brut] 100 lignes | 94 doublons | 0 valeurs nulles
2026-04-08 13:25:45 | ERROR    | healthai_etl | ERREUR dans ETL 4 - Objectifs users : sqlalchemy.cyextension.immutabledict.immutabledict is not a sequence
Traceback (most recent call last):
  File "/app/etl_pipeline.py", line 669, in run_pipeline
    rapport = fn(engine)
              ^^^^^^^^^^
  File "/app/etl_pipeline.py", line 601, in etl_objectifs_utilisateurs
    df_users = pd.read_sql(
               ^^^^^^^^^^^^
  File "/usr/local/lib/python3.12/site-packages/pandas/io/sql.py", line 730, in read_sql
    return pandas_sql.read_query(
           ^^^^^^^^^^^^^^^^^^^^^^
  File "/usr/local/lib/python3.12/site-packages/pandas/io/sql.py", line 1856, in read_query
    result = self.execute(sql, params)
             ^^^^^^^^^^^^^^^^^^^^^^^^^
  File "/usr/local/lib/python3.12/site-packages/pandas/io/sql.py", line 1679, in execute
    return execute_function(sql, *args)
           ^^^^^^^^^^^^^^^^^^^^^^^^^^^^
  File "/usr/local/lib/python3.12/site-packages/sqlalchemy/engine/base.py", line 1779, in exec_driver_sql
    ret = self._execute_context(
          ^^^^^^^^^^^^^^^^^^^^^^
  File "/usr/local/lib/python3.12/site-packages/sqlalchemy/engine/base.py", line 1846, in _execute_context
    return self._exec_single_context(
           ^^^^^^^^^^^^^^^^^^^^^^^^^^
  File "/usr/local/lib/python3.12/site-packages/sqlalchemy/engine/base.py", line 1986, in _exec_single_context
    self._handle_dbapi_exception(
  File "/usr/local/lib/python3.12/site-packages/sqlalchemy/engine/base.py", line 2366, in _handle_dbapi_exception
    raise exc_info[1].with_traceback(exc_info[2])
  File "/usr/local/lib/python3.12/site-packages/sqlalchemy/engine/base.py", line 1967, in _exec_single_context
    self.dialect.do_execute(
  File "/usr/local/lib/python3.12/site-packages/sqlalchemy/engine/default.py", line 952, in do_execute
    cursor.execute(statement, parameters)
TypeError: sqlalchemy.cyextension.immutabledict.immutabledict is not a sequence
2026-04-08 13:25:45 | INFO     | healthai_etl | Rapport de qualité sauvegardé : logs/rapport_qualite_20260408_132545.json
2026-04-08 13:25:45 | INFO     | healthai_etl | ╔══════════════════════════════════════════╗
2026-04-08 13:25:45 | INFO     | healthai_etl | ║   Pipeline terminé en 0.5s               ║
2026-04-08 13:25:45 | INFO     | healthai_etl | ║   1 ETL réussis | 3 erreurs               ║
2026-04-08 13:25:45 | INFO     | healthai_etl | ╚══════════════════════════════════════════╝
